10-03-2017 15:02 -> index action.
10-03-2017 15:02 -> index action.
10-03-2017 15:02 -> login action.
10-03-2017 15:02 -> login action.
10-03-2017 15:02 -> login action.
10-03-2017 15:02 -> test => User logged.
10-03-2017 15:02 -> home action.
10-03-2017 15:02 -> home action.
10-03-2017 15:02 -> upload action.
10-03-2017 15:02 -> test => File skipcat.png uploaded.
10-03-2017 15:02 -> home action.
10-03-2017 15:02 -> home action.
10-03-2017 15:02 -> delete action.
10-03-2017 15:02 -> test => File skipcat.png deleted.
10-03-2017 15:02 -> home action.
10-03-2017 15:02 -> home action.
10-03-2017 15:02 -> logout action.
10-03-2017 15:02 -> test => User logout.
10-03-2017 15:02 -> index action.
10-03-2017 15:02 -> index action.
10-03-2017 15:02 -> login action.
10-03-2017 15:02 -> login action.
10-03-2017 15:02 -> index action.
10-03-2017 15:02 -> index action.
10-03-2017 15:02 -> register action.
10-03-2017 15:02 -> register action.
10-03-2017 15:02 -> index action.
10-03-2017 15:02 -> index action.
