03-03-2017 11:15 -> Error register.
03-03-2017 15:33 -> Error login.
03-03-2017 15:44 -> Error upload transfert.
03-03-2017 15:45 -> Error upload transfert.
03-03-2017 15:47 -> Error upload transfert.
03-03-2017 15:47 -> Error upload transfert.
03-03-2017 17:23 -> Error login.
03-03-2017 17:24 -> Error register.
03-03-2017 17:24 -> Error register.
03-03-2017 17:25 -> Error login.
04-03-2017 10:23 -> Error login.
04-03-2017 15:03 -> Error folder access for create action.
04-03-2017 15:05 -> Error folder access for create action.
04-03-2017 16:59 -> Error login.
04-03-2017 18:27 -> Error login.
04-03-2017 18:30 -> Error register.
04-03-2017 18:31 -> Error login.
04-03-2017 19:22 -> Error login.
04-03-2017 20:53 -> Error login.
05-03-2017 10:54 -> Error login.
05-03-2017 11:58 -> Error login.
05-03-2017 12:02 -> Error file access for delete action.
05-03-2017 12:04 -> Error file access for delete action.
05-03-2017 12:14 -> Error file access for delete action.
05-03-2017 12:18 -> Error file access for delete action.
05-03-2017 12:18 -> Error login.
05-03-2017 15:40 -> Error login.
05-03-2017 18:59 -> Error folder access for create action.
05-03-2017 18:59 -> Error folder access for create action.
05-03-2017 21:16 -> Error login.
06-03-2017 10:55 -> Error login.
06-03-2017 22:06 -> Error login.
07-03-2017 14:06 -> skip => No file to replace file.
07-03-2017 14:06 -> skip => No name to rename file.
07-03-2017 14:10 -> skip => No name to rename file.
07-03-2017 14:25 -> skip => No name to rename file.
07-03-2017 17:14 -> skip => No name to rename file.
07-03-2017 21:08 ->  => Error login.
07-03-2017 21:10 ->  => Error login.
07-03-2017 21:14 -> Error login.
07-03-2017 21:52 -> Error login.
07-03-2017 21:55 -> Error login.
07-03-2017 21:57 -> Error login.
07-03-2017 22:07 -> Error login.
07-03-2017 23:04 -> Error login.
07-03-2017 23:10 -> skip => No file to upload.
07-03-2017 23:53 -> Error folder access for delete action.
08-03-2017 09:47 -> Error login.
08-03-2017 09:47 -> Error login.
08-03-2017 09:47 -> Error login.
08-03-2017 09:48 -> Error register.
08-03-2017 09:51 -> Error register.
08-03-2017 13:34 -> Error login.
08-03-2017 13:34 -> Error login.
08-03-2017 14:07 -> Error login.
08-03-2017 20:37 -> test => No content to modify file.
